<?xml version="1.0" encoding="UTF-8"?>
<!-- Generated by org.testng.reporters.JUnitReportReporter -->
<testsuite hostname="Admin" failures="0" tests="2" name="com.nopcommerce.users.Level_21_Enviroment_Java_Owner_Library" time="8.084" errors="0" timestamp="26 Mar 2023 07:01:51 GMT" skipped="0">
  <testcase classname="com.nopcommerce.users.Level_21_Enviroment_Java_Owner_Library" name="User_02_Login" time="2.149"/>
  <testcase classname="com.nopcommerce.users.Level_21_Enviroment_Java_Owner_Library" name="User_01_Register" time="5.935"/>
</testsuite> <!-- com.nopcommerce.users.Level_21_Enviroment_Java_Owner_Library -->
