<?xml version="1.0" encoding="UTF-8"?>
<!-- Generated by org.testng.reporters.JUnitReportReporter -->
<testsuite hostname="Admin" failures="0" tests="1" name="com.nopcommerce.test.commons.Common_01_Register2" time="25.656" errors="0" timestamp="21 Mar 2023 11:50:23 GMT" skipped="0">
  <testcase classname="com.nopcommerce.test.commons.Common_01_Register2" name="TC_Register_Login" time="25.656"/>
</testsuite> <!-- com.nopcommerce.test.commons.Common_01_Register2 -->
