<?xml version="1.0" encoding="UTF-8"?>
<!-- Generated by org.testng.reporters.JUnitReportReporter -->
<testsuite hostname="Admin" failures="0" tests="2" name="com.nopcommerce.users.Level_16_Apply_Log_ReportNG" time="5.453" errors="0" timestamp="24 Feb 2023 04:20:20 GMT" skipped="0">
  <testcase classname="com.nopcommerce.users.Level_16_Apply_Log_ReportNG" name="User_02_Login" time="1.548"/>
  <testcase classname="com.nopcommerce.users.Level_16_Apply_Log_ReportNG" name="User_01_Register" time="3.905"/>
</testsuite> <!-- com.nopcommerce.users.Level_16_Apply_Log_ReportNG -->
