<?xml version="1.0" encoding="UTF-8"?>
<!-- Generated by org.testng.reporters.JUnitReportReporter -->
<testsuite hostname="Admin" failures="0" tests="6" name="com.nopcommerce.test.User_01_Register" time="0.412" errors="0" timestamp="12 Mar 2023 09:54:14 GMT" skipped="0">
  <testcase classname="com.nopcommerce.test.User_01_Register" name="Register_03_Valid_Data" time="0.005"/>
  <testcase classname="com.nopcommerce.test.User_01_Register" name="Register_01_Empty_Data" time="0.381"/>
  <testcase classname="com.nopcommerce.test.User_01_Register" name="Register_06_Password_And_Confirmation_Password_Not_Match" time="0.004"/>
  <testcase classname="com.nopcommerce.test.User_01_Register" name="Register_02_Invalid_Email" time="0.009"/>
  <testcase classname="com.nopcommerce.test.User_01_Register" name="Register_04_Existed_Email" time="0.004"/>
  <testcase classname="com.nopcommerce.test.User_01_Register" name="Register_05_Password_Fewer_Than_6_Characters" time="0.009"/>
</testsuite> <!-- com.nopcommerce.test.User_01_Register -->
