<?xml version="1.0" encoding="UTF-8"?>
<!-- Generated by org.testng.reporters.JUnitReportReporter -->
<testsuite hostname="Admin" failures="0" tests="1" name="com.nopcommerce.users.Level_17_Share_Login_B" time="6.697" errors="0" timestamp="26 Feb 2023 07:29:35 GMT" skipped="0">
  <testcase classname="com.nopcommerce.users.Level_17_Share_Login_B" name="User_01_Login" time="6.697"/>
</testsuite> <!-- com.nopcommerce.users.Level_17_Share_Login_B -->
