<?xml version="1.0" encoding="UTF-8"?>
<!-- Generated by org.testng.reporters.JUnitReportReporter -->
<testsuite hostname="Admin" failures="0" tests="3" name="com.nopcommerce.users.Level_07_Switch_Page_Object" time="9.558" errors="0" timestamp="16 Feb 2023 04:41:26 GMT" skipped="0">
  <testcase classname="com.nopcommerce.users.Level_07_Switch_Page_Object" name="User_01_Register" time="4.378"/>
  <testcase classname="com.nopcommerce.users.Level_07_Switch_Page_Object" name="User_02_Login" time="2.583"/>
  <testcase classname="com.nopcommerce.users.Level_07_Switch_Page_Object" name="User_03_Navigate" time="2.597"/>
</testsuite> <!-- com.nopcommerce.users.Level_07_Switch_Page_Object -->
