<?xml version="1.0" encoding="UTF-8"?>
<!-- Generated by org.testng.reporters.JUnitReportReporter -->
<testsuite hostname="Admin" failures="0" tests="2" name="com.review.nopcommerce.RV_Level_X_FakeData" time="17.333" errors="0" timestamp="05 Apr 2023 03:24:32 GMT" skipped="0">
  <testcase classname="com.review.nopcommerce.RV_Level_X_FakeData" name="User_02_Login" time="1.901"/>
  <testcase classname="com.review.nopcommerce.RV_Level_X_FakeData" name="User_01_Register" time="15.432"/>
</testsuite> <!-- com.review.nopcommerce.RV_Level_X_FakeData -->
