<?xml version="1.0" encoding="UTF-8"?>
<!-- Generated by org.testng.reporters.JUnitReportReporter -->
<testsuite hostname="Admin" failures="0" tests="3" name="com.facebook.Level_15_Verify_Element_Undisplayed" time="7.002" errors="0" timestamp="23 Feb 2023 20:57:35 GMT" skipped="0">
  <testcase classname="com.facebook.Level_15_Verify_Element_Undisplayed" name="TC_03_Check_Undisplay_Not_In_DOM" time="5.311"/>
  <testcase classname="com.facebook.Level_15_Verify_Element_Undisplayed" name="TC_02_Check_Undisplay_In_DOM" time="0.207"/>
  <testcase classname="com.facebook.Level_15_Verify_Element_Undisplayed" name="TC_01_Check_Display" time="1.484"/>
</testsuite> <!-- com.facebook.Level_15_Verify_Element_Undisplayed -->
