<?xml version="1.0" encoding="UTF-8"?>
<!-- Generated by org.testng.reporters.JUnitReportReporter -->
<testsuite hostname="Admin" failures="0" tests="2" name="com.nopcommerce.users.Level_21_Enviroment_TestNG_N_File" time="6.644" errors="0" timestamp="26 Mar 2023 05:49:32 GMT" skipped="0">
  <testcase classname="com.nopcommerce.users.Level_21_Enviroment_TestNG_N_File" name="User_01_Register" time="4.600"/>
  <testcase classname="com.nopcommerce.users.Level_21_Enviroment_TestNG_N_File" name="User_02_Login" time="2.044"/>
</testsuite> <!-- com.nopcommerce.users.Level_21_Enviroment_TestNG_N_File -->
