<?xml version="1.0" encoding="UTF-8"?>
<!-- Generated by org.testng.reporters.JUnitReportReporter -->
<testsuite hostname="Admin" failures="0" tests="2" name="com.jqueryscript.Level_12_Handle_Data_Table_Grid" time="21.395" errors="0" timestamp="22 Feb 2023 04:48:42 GMT" skipped="0">
  <testcase classname="com.jqueryscript.Level_12_Handle_Data_Table_Grid" name="User_04" time="2.000"/>
  <testcase classname="com.jqueryscript.Level_12_Handle_Data_Table_Grid" name="Table_01_Paging" time="19.395"/>
</testsuite> <!-- com.jqueryscript.Level_12_Handle_Data_Table_Grid -->
