<?xml version="1.0" encoding="UTF-8"?>
<!-- Generated by org.testng.reporters.JUnitReportReporter -->
<testsuite hostname="Admin" failures="0" tests="2" name="com.nopcommerce.users.Level_20_Manage_Data_Internal_File" time="5.497" errors="0" timestamp="22 Mar 2023 08:41:45 GMT" skipped="0">
  <testcase classname="com.nopcommerce.users.Level_20_Manage_Data_Internal_File" name="User_01_Register" time="3.990"/>
  <testcase classname="com.nopcommerce.users.Level_20_Manage_Data_Internal_File" name="User_02_Login" time="1.507"/>
</testsuite> <!-- com.nopcommerce.users.Level_20_Manage_Data_Internal_File -->
