<?xml version="1.0" encoding="UTF-8"?>
<!-- Generated by org.testng.reporters.JUnitReportReporter -->
<testsuite hostname="Admin" failures="0" tests="2" name="com.nopcommerce.users.Level_03_Page_Object_Pattern" time="9.784" errors="0" timestamp="14 Feb 2023 11:56:59 GMT" skipped="0">
  <testcase classname="com.nopcommerce.users.Level_03_Page_Object_Pattern" name="TC_01_Register" time="7.059"/>
  <testcase classname="com.nopcommerce.users.Level_03_Page_Object_Pattern" name="TC_02_Login" time="2.725"/>
</testsuite> <!-- com.nopcommerce.users.Level_03_Page_Object_Pattern -->
