<?xml version="1.0" encoding="UTF-8"?>
<!-- Generated by org.testng.reporters.JUnitReportReporter -->
<testsuite hostname="Admin" failures="0" tests="4" name="com.nopcommerce.cloud.Level_23_Cloud" time="115.176" errors="0" timestamp="30 Mar 2023 13:39:34 GMT" skipped="0">
  <testcase classname="com.nopcommerce.cloud.Level_23_Cloud" name="User_02_Login" time="6.910"/>
  <testcase classname="com.nopcommerce.cloud.Level_23_Cloud" name="User_02_Login" time="6.871"/>
  <testcase classname="com.nopcommerce.cloud.Level_23_Cloud" name="User_01_Register" time="49.288"/>
  <testcase classname="com.nopcommerce.cloud.Level_23_Cloud" name="User_01_Register" time="52.107"/>
</testsuite> <!-- com.nopcommerce.cloud.Level_23_Cloud -->
