<?xml version="1.0" encoding="UTF-8"?>
<!-- Generated by org.testng.reporters.JUnitReportReporter -->
<testsuite hostname="Admin" failures="0" tests="3" name="com.nopcommerce.users.Level_10_Refactor_By_Locator" time="8.371" errors="0" timestamp="18 Feb 2023 05:29:33 GMT" skipped="0">
  <testcase classname="com.nopcommerce.users.Level_10_Refactor_By_Locator" name="Role_03_Switch_User_To_Admin" time="0.956"/>
  <testcase classname="com.nopcommerce.users.Level_10_Refactor_By_Locator" name="Role_01_Swith_User_To_Admin" time="5.204"/>
  <testcase classname="com.nopcommerce.users.Level_10_Refactor_By_Locator" name="Role_02_Switch_Admin_To_User" time="2.211"/>
</testsuite> <!-- com.nopcommerce.users.Level_10_Refactor_By_Locator -->
