<?xml version="1.0" encoding="UTF-8"?>
<!-- Generated by org.testng.reporters.JUnitReportReporter -->
<testsuite hostname="Admin" failures="0" tests="2" name="com.nopcommerce.users.Level_06_PageGeneratorManager" time="7.667" errors="0" timestamp="15 Feb 2023 22:40:24 GMT" skipped="0">
  <testcase classname="com.nopcommerce.users.Level_06_PageGeneratorManager" name="User_01_Register" time="4.558"/>
  <testcase classname="com.nopcommerce.users.Level_06_PageGeneratorManager" name="User_02_Login" time="3.109"/>
</testsuite> <!-- com.nopcommerce.users.Level_06_PageGeneratorManager -->
