<?xml version="1.0" encoding="UTF-8"?>
<!-- Generated by org.testng.reporters.JUnitReportReporter -->
<testsuite hostname="Admin" failures="0" tests="1" name="com.wordpress.DB_01_CreateUser" time="3.858" errors="0" timestamp="28 Mar 2023 09:51:34 GMT" skipped="0">
  <testcase classname="com.wordpress.DB_01_CreateUser" name="User_01_View_User" time="3.858"/>
</testsuite> <!-- com.wordpress.DB_01_CreateUser -->
