<?xml version="1.0" encoding="UTF-8"?>
<!-- Generated by org.testng.reporters.JUnitReportReporter -->
<testsuite hostname="Admin" failures="0" tests="6" name="com.nopcommerce.users.Level_05_WebDriverManagerLib" time="26.124" errors="0" timestamp="15 Feb 2023 08:16:52 GMT" skipped="0">
  <testcase classname="com.nopcommerce.users.Level_05_WebDriverManagerLib" name="TC_02_Login" time="4.153"/>
  <testcase classname="com.nopcommerce.users.Level_05_WebDriverManagerLib" name="TC_01_Register" time="4.544"/>
  <testcase classname="com.nopcommerce.users.Level_05_WebDriverManagerLib" name="TC_02_Login" time="2.926"/>
  <testcase classname="com.nopcommerce.users.Level_05_WebDriverManagerLib" name="TC_01_Register" time="4.477"/>
  <testcase classname="com.nopcommerce.users.Level_05_WebDriverManagerLib" name="TC_02_Login" time="3.939"/>
  <testcase classname="com.nopcommerce.users.Level_05_WebDriverManagerLib" name="TC_01_Register" time="6.085"/>
</testsuite> <!-- com.nopcommerce.users.Level_05_WebDriverManagerLib -->
