<?xml version="1.0" encoding="UTF-8"?>
<!-- Generated by org.testng.reporters.JUnitReportReporter -->
<testsuite hostname="Admin" failures="0" tests="6" name="com.nopcommerce.test.User_02_Sort_Display_Paging" time="26.037" errors="0" timestamp="13 Mar 2023 11:02:30 GMT" skipped="0">
  <testcase classname="com.nopcommerce.test.User_02_Sort_Display_Paging" name="SortDisplayPaging_03_Sort_Price_From_Low_To_High" time="7.122"/>
  <testcase classname="com.nopcommerce.test.User_02_Sort_Display_Paging" name="SortDisplayPaging_01_Sort_Name_From_A_To_Z" time="0.635"/>
  <testcase classname="com.nopcommerce.test.User_02_Sort_Display_Paging" name="SortDisplayPaging_04_Sort_Price_From_High_To_Low" time="7.628"/>
  <testcase classname="com.nopcommerce.test.User_02_Sort_Display_Paging" name="SortDisplayPaging_02_Sort_Name_From_Z_To_A" time="6.454"/>
  <testcase classname="com.nopcommerce.test.User_02_Sort_Display_Paging" name="SortDisplayPaging_06_Display_6_Products_Per_Page" time="1.287"/>
  <testcase classname="com.nopcommerce.test.User_02_Sort_Display_Paging" name="SortDisplayPaging_05_Display_3_Products_Per_Page" time="2.911"/>
</testsuite> <!-- com.nopcommerce.test.User_02_Sort_Display_Paging -->
