<?xml version="1.0" encoding="UTF-8"?>
<!-- Generated by org.testng.reporters.JUnitReportReporter -->
<testsuite hostname="Admin" failures="0" tests="2" name="com.nopcommerce.users.Level_21_Enviroment_TestNG_1_File" time="6.038" errors="0" timestamp="26 Mar 2023 02:45:40 GMT" skipped="0">
  <testcase classname="com.nopcommerce.users.Level_21_Enviroment_TestNG_1_File" name="User_01_Register" time="4.575"/>
  <testcase classname="com.nopcommerce.users.Level_21_Enviroment_TestNG_1_File" name="User_02_Login" time="1.463"/>
</testsuite> <!-- com.nopcommerce.users.Level_21_Enviroment_TestNG_1_File -->
