<?xml version="1.0" encoding="UTF-8"?>
<!-- Generated by org.testng.reporters.JUnitReportReporter -->
<testsuite hostname="Admin" failures="0" tests="1" name="com.nopcommerce.users.Level_17_Share_Login_A" time="3.030" errors="0" timestamp="26 Feb 2023 07:28:28 GMT" skipped="0">
  <testcase classname="com.nopcommerce.users.Level_17_Share_Login_A" name="User_01_Login" time="3.030"/>
</testsuite> <!-- com.nopcommerce.users.Level_17_Share_Login_A -->
