<?xml version="1.0" encoding="UTF-8"?>
<!-- Generated by org.testng.reporters.JUnitReportReporter -->
<testsuite hostname="Admin" failures="0" tests="2" name="com.nopcommerce.users.Level_20_RandomDate_JavaGetRandomByTimeDate" time="5.222" errors="0" timestamp="22 Mar 2023 08:03:10 GMT" skipped="0">
  <testcase classname="com.nopcommerce.users.Level_20_RandomDate_JavaGetRandomByTimeDate" name="User_01_Register" time="3.744"/>
  <testcase classname="com.nopcommerce.users.Level_20_RandomDate_JavaGetRandomByTimeDate" name="User_02_Login" time="1.478"/>
</testsuite> <!-- com.nopcommerce.users.Level_20_RandomDate_JavaGetRandomByTimeDate -->
