<?xml version="1.0" encoding="UTF-8"?>
<!-- Generated by org.testng.reporters.JUnitReportReporter -->
<testsuite hostname="Admin" failures="0" tests="2" name="com.nopcommerce.users.Level_01_Repeat_Yourself" time="6.576" errors="0" timestamp="07 Feb 2023 21:40:00 GMT" skipped="0">
  <testcase classname="com.nopcommerce.users.Level_01_Repeat_Yourself" name="TC_02_Login" time="2.846"/>
  <testcase classname="com.nopcommerce.users.Level_01_Repeat_Yourself" name="TC_01_Register" time="3.730"/>
</testsuite> <!-- com.nopcommerce.users.Level_01_Repeat_Yourself -->
