<?xml version="1.0" encoding="UTF-8"?>
<!-- Generated by org.testng.reporters.JUnitReportReporter -->
<testsuite hostname="Admin" failures="0" tests="1" name="com.nopcommerce.users.Level_17_Share_Login_C" time="7.963" errors="0" timestamp="26 Feb 2023 08:11:34 GMT" skipped="0">
  <testcase classname="com.nopcommerce.users.Level_17_Share_Login_C" name="User_01_Login" time="7.963"/>
</testsuite> <!-- com.nopcommerce.users.Level_17_Share_Login_C -->
