<?xml version="1.0" encoding="UTF-8"?>
<!-- Generated by org.testng.reporters.JUnitReportReporter -->
<testsuite hostname="Admin" failures="0" tests="2" name="com.nopcommerce.users.Level_20_Fake_Data" time="7.419" errors="0" timestamp="22 Mar 2023 11:23:45 GMT" skipped="0">
  <testcase classname="com.nopcommerce.users.Level_20_Fake_Data" name="User_02_Login" time="1.823"/>
  <testcase classname="com.nopcommerce.users.Level_20_Fake_Data" name="User_01_Register" time="5.596"/>
</testsuite> <!-- com.nopcommerce.users.Level_20_Fake_Data -->
