<?xml version="1.0" encoding="UTF-8"?>
<!-- Generated by org.testng.reporters.JUnitReportReporter -->
<testsuite hostname="Admin" failures="0" tests="6" name="com.nopcommerce.users.Level_04_Multiple_Browser" time="84.673" errors="0" timestamp="15 Feb 2023 04:15:28 GMT" skipped="0">
  <testcase classname="com.nopcommerce.users.Level_04_Multiple_Browser" name="TC_01_Register" time="4.393"/>
  <testcase classname="com.nopcommerce.users.Level_04_Multiple_Browser" name="TC_01_Register" time="5.220"/>
  <testcase classname="com.nopcommerce.users.Level_04_Multiple_Browser" name="TC_02_Login" time="10.511"/>
  <testcase classname="com.nopcommerce.users.Level_04_Multiple_Browser" name="TC_02_Login" time="2.998"/>
  <testcase classname="com.nopcommerce.users.Level_04_Multiple_Browser" name="TC_01_Register" time="56.375"/>
  <testcase classname="com.nopcommerce.users.Level_04_Multiple_Browser" name="TC_02_Login" time="5.176"/>
</testsuite> <!-- com.nopcommerce.users.Level_04_Multiple_Browser -->
